<?xml version="1.0" encoding="UTF-8"?>
<coverage generated="1605794981106" clover="3.2.0">
  <project timestamp="1605794981106" name="All files">
    <metrics statements="20" coveredstatements="20" conditionals="4" coveredconditionals="4" methods="7" coveredmethods="7" elements="31" coveredelements="31" complexity="0" loc="20" ncloc="20" packages="1" files="5" classes="5"/>
    <file name="destroyer.js" path="/Users/olivier/Documents/Dev/perso/Algocode/Javascript/destroyer.js">
      <metrics statements="4" coveredstatements="4" conditionals="0" coveredconditionals="0" methods="2" coveredmethods="2"/>
      <line num="2" count="4" type="stmt"/>
      <line num="3" count="22" type="stmt"/>
      <line num="6" count="1" type="stmt"/>
      <line num="8" count="1" type="stmt"/>
    </file>
    <file name="hello.js" path="/Users/olivier/Documents/Dev/perso/Algocode/Javascript/hello.js">
      <metrics statements="2" coveredstatements="2" conditionals="0" coveredconditionals="0" methods="1" coveredmethods="1"/>
      <line num="2" count="2" type="stmt"/>
      <line num="4" count="1" type="stmt"/>
    </file>
    <file name="max_number_without_mathmax.js" path="/Users/olivier/Documents/Dev/perso/Algocode/Javascript/max_number_without_mathmax.js">
      <metrics statements="3" coveredstatements="3" conditionals="0" coveredconditionals="0" methods="2" coveredmethods="2"/>
      <line num="2" count="42" type="stmt"/>
      <line num="3" count="1" type="stmt"/>
      <line num="8" count="1" type="stmt"/>
    </file>
    <file name="palindrome_checker.js" path="/Users/olivier/Documents/Dev/perso/Algocode/Javascript/palindrome_checker.js">
      <metrics statements="4" coveredstatements="4" conditionals="2" coveredconditionals="2" methods="1" coveredmethods="1"/>
      <line num="2" count="3" type="stmt"/>
      <line num="3" count="3" type="cond" truecount="2" falsecount="0"/>
      <line num="4" count="3" type="stmt"/>
      <line num="8" count="1" type="stmt"/>
    </file>
    <file name="sorted_union.js" path="/Users/olivier/Documents/Dev/perso/Algocode/Javascript/sorted_union.js">
      <metrics statements="7" coveredstatements="7" conditionals="2" coveredconditionals="2" methods="1" coveredmethods="1"/>
      <line num="2" count="3" type="stmt"/>
      <line num="3" count="3" type="stmt"/>
      <line num="4" count="9" type="stmt"/>
      <line num="5" count="27" type="cond" truecount="2" falsecount="0"/>
      <line num="6" count="17" type="stmt"/>
      <line num="10" count="3" type="stmt"/>
      <line num="13" count="1" type="stmt"/>
    </file>
  </project>
</coverage>
