{"/Users/olivier/Documents/Dev/perso/Algocode/Javascript/destroyer.js": {"path":"/Users/olivier/Documents/Dev/perso/Algocode/Javascript/destroyer.js","statementMap":{"0":{"start":{"line":2,"column":15},"end":{"line":2,"column":45}},"1":{"start":{"line":3,"column":4},"end":{"line":3,"column":46}},"2":{"start":{"line":3,"column":27},"end":{"line":3,"column":44}},"3":{"start":{"line":6,"column":0},"end":{"line":6,"column":49}},"4":{"start":{"line":8,"column":0},"end":{"line":8,"column":26}}},"fnMap":{"0":{"name":"destroyer","decl":{"start":{"line":1,"column":9},"end":{"line":1,"column":18}},"loc":{"start":{"line":1,"column":24},"end":{"line":4,"column":1}},"line":1},"1":{"name":"(anonymous_1)","decl":{"start":{"line":3,"column":22},"end":{"line":3,"column":23}},"loc":{"start":{"line":3,"column":27},"end":{"line":3,"column":44}},"line":3}},"branchMap":{},"s":{"0":4,"1":4,"2":22,"3":1,"4":1},"f":{"0":4,"1":22},"b":{},"_coverageSchema":"1a1c01bbd47fc00a2c39e90264f33305004495a9","hash":"f77fc22175a7ce5e1eecbb4620543e2e57f35739"}
,"/Users/olivier/Documents/Dev/perso/Algocode/Javascript/hello.js": {"path":"/Users/olivier/Documents/Dev/perso/Algocode/Javascript/hello.js","statementMap":{"0":{"start":{"line":2,"column":4},"end":{"line":2,"column":19}},"1":{"start":{"line":4,"column":0},"end":{"line":4,"column":25}}},"fnMap":{"0":{"name":"sayHello","decl":{"start":{"line":1,"column":9},"end":{"line":1,"column":17}},"loc":{"start":{"line":1,"column":19},"end":{"line":3,"column":1}},"line":1}},"branchMap":{},"s":{"0":2,"1":1},"f":{"0":2},"b":{},"_coverageSchema":"1a1c01bbd47fc00a2c39e90264f33305004495a9","hash":"fa7e7b43174bdfcd09c0904dd03ffa1ae46609b7"}
,"/Users/olivier/Documents/Dev/perso/Algocode/Javascript/max_number_without_mathmax.js": {"path":"/Users/olivier/Documents/Dev/perso/Algocode/Javascript/max_number_without_mathmax.js","statementMap":{"0":{"start":{"line":2,"column":1},"end":{"line":2,"column":30}},"1":{"start":{"line":2,"column":18},"end":{"line":2,"column":28}},"2":{"start":{"line":3,"column":1},"end":{"line":3,"column":22}},"3":{"start":{"line":6,"column":0},"end":{"line":6,"column":76}},"4":{"start":{"line":8,"column":0},"end":{"line":8,"column":24}}},"fnMap":{"0":{"name":"mathMax","decl":{"start":{"line":1,"column":9},"end":{"line":1,"column":16}},"loc":{"start":{"line":1,"column":19},"end":{"line":4,"column":1}},"line":1},"1":{"name":"(anonymous_1)","decl":{"start":{"line":2,"column":8},"end":{"line":2,"column":9}},"loc":{"start":{"line":2,"column":17},"end":{"line":2,"column":29}},"line":2}},"branchMap":{},"s":{"0":3,"1":126,"2":3,"3":1,"4":1},"f":{"0":3,"1":126},"b":{},"_coverageSchema":"1a1c01bbd47fc00a2c39e90264f33305004495a9","hash":"b93fdefd1b0bff2c752d765e4d4b6f9ec7ac5a42"}
}
