{"/Users/olivier/Documents/Dev/perso/Algocode/Javascript/api_call.js": {"path":"/Users/olivier/Documents/Dev/perso/Algocode/Javascript/api_call.js","statementMap":{"0":{"start":{"line":2,"column":4},"end":{"line":8,"column":5}},"1":{"start":{"line":3,"column":25},"end":{"line":3,"column":83}},"2":{"start":{"line":4,"column":21},"end":{"line":4,"column":42}},"3":{"start":{"line":5,"column":8},"end":{"line":5,"column":19}},"4":{"start":{"line":7,"column":8},"end":{"line":7,"column":22}},"5":{"start":{"line":11,"column":0},"end":{"line":11,"column":24}}},"fnMap":{"0":{"name":"apiCall","decl":{"start":{"line":1,"column":15},"end":{"line":1,"column":22}},"loc":{"start":{"line":1,"column":24},"end":{"line":9,"column":1}},"line":1}},"branchMap":{},"s":{"0":2,"1":2,"2":1,"3":1,"4":1,"5":1},"f":{"0":2},"b":{},"_coverageSchema":"1a1c01bbd47fc00a2c39e90264f33305004495a9","hash":"8148c16370d72e01b3dd362bcbe666534cd4ff03"}
,"/Users/olivier/Documents/Dev/perso/Algocode/Javascript/destroyer.js": {"path":"/Users/olivier/Documents/Dev/perso/Algocode/Javascript/destroyer.js","statementMap":{"0":{"start":{"line":2,"column":15},"end":{"line":2,"column":45}},"1":{"start":{"line":3,"column":4},"end":{"line":3,"column":46}},"2":{"start":{"line":3,"column":27},"end":{"line":3,"column":44}},"3":{"start":{"line":6,"column":0},"end":{"line":6,"column":36}},"4":{"start":{"line":8,"column":0},"end":{"line":8,"column":26}}},"fnMap":{"0":{"name":"destroyer","decl":{"start":{"line":1,"column":9},"end":{"line":1,"column":18}},"loc":{"start":{"line":1,"column":24},"end":{"line":4,"column":1}},"line":1},"1":{"name":"(anonymous_1)","decl":{"start":{"line":3,"column":22},"end":{"line":3,"column":23}},"loc":{"start":{"line":3,"column":27},"end":{"line":3,"column":44}},"line":3}},"branchMap":{},"s":{"0":4,"1":4,"2":22,"3":1,"4":1},"f":{"0":4,"1":22},"b":{},"_coverageSchema":"1a1c01bbd47fc00a2c39e90264f33305004495a9","hash":"e9f2c15b038c187ffa7ad4777b8d2d14ef2f6da8"}
,"/Users/olivier/Documents/Dev/perso/Algocode/Javascript/hello.js": {"path":"/Users/olivier/Documents/Dev/perso/Algocode/Javascript/hello.js","statementMap":{"0":{"start":{"line":2,"column":4},"end":{"line":2,"column":19}},"1":{"start":{"line":4,"column":0},"end":{"line":4,"column":25}}},"fnMap":{"0":{"name":"sayHello","decl":{"start":{"line":1,"column":9},"end":{"line":1,"column":17}},"loc":{"start":{"line":1,"column":19},"end":{"line":3,"column":1}},"line":1}},"branchMap":{},"s":{"0":2,"1":1},"f":{"0":2},"b":{},"_coverageSchema":"1a1c01bbd47fc00a2c39e90264f33305004495a9","hash":"fa7e7b43174bdfcd09c0904dd03ffa1ae46609b7"}
,"/Users/olivier/Documents/Dev/perso/Algocode/Javascript/max_number_without_mathmax.js": {"path":"/Users/olivier/Documents/Dev/perso/Algocode/Javascript/max_number_without_mathmax.js","statementMap":{"0":{"start":{"line":2,"column":1},"end":{"line":2,"column":30}},"1":{"start":{"line":2,"column":18},"end":{"line":2,"column":28}},"2":{"start":{"line":3,"column":1},"end":{"line":3,"column":22}},"3":{"start":{"line":8,"column":0},"end":{"line":8,"column":24}}},"fnMap":{"0":{"name":"mathMax","decl":{"start":{"line":1,"column":9},"end":{"line":1,"column":16}},"loc":{"start":{"line":1,"column":19},"end":{"line":4,"column":1}},"line":1},"1":{"name":"(anonymous_1)","decl":{"start":{"line":2,"column":8},"end":{"line":2,"column":9}},"loc":{"start":{"line":2,"column":17},"end":{"line":2,"column":29}},"line":2}},"branchMap":{},"s":{"0":1,"1":42,"2":1,"3":1},"f":{"0":1,"1":42},"b":{},"_coverageSchema":"1a1c01bbd47fc00a2c39e90264f33305004495a9","hash":"62a58b791f3b572ff64eebf3472f75ad46574d32"}
,"/Users/olivier/Documents/Dev/perso/Algocode/Javascript/palindrome_checker.js": {"path":"/Users/olivier/Documents/Dev/perso/Algocode/Javascript/palindrome_checker.js","statementMap":{"0":{"start":{"line":2,"column":19},"end":{"line":2,"column":51}},"1":{"start":{"line":3,"column":15},"end":{"line":3,"column":50}},"2":{"start":{"line":4,"column":2},"end":{"line":4,"column":15}},"3":{"start":{"line":8,"column":0},"end":{"line":8,"column":32}}},"fnMap":{"0":{"name":"palindromeCheck","decl":{"start":{"line":1,"column":9},"end":{"line":1,"column":24}},"loc":{"start":{"line":1,"column":29},"end":{"line":5,"column":1}},"line":1}},"branchMap":{"0":{"loc":{"start":{"line":3,"column":15},"end":{"line":3,"column":50}},"type":"cond-expr","locations":[{"start":{"line":3,"column":39},"end":{"line":3,"column":43}},{"start":{"line":3,"column":45},"end":{"line":3,"column":50}}],"line":3}},"s":{"0":3,"1":3,"2":3,"3":1},"f":{"0":3},"b":{"0":[2,1]},"_coverageSchema":"1a1c01bbd47fc00a2c39e90264f33305004495a9","hash":"c0a98fe71e63e1a445d577dbb465babe030a5c77"}
,"/Users/olivier/Documents/Dev/perso/Algocode/Javascript/sorted_union.js": {"path":"/Users/olivier/Documents/Dev/perso/Algocode/Javascript/sorted_union.js","statementMap":{"0":{"start":{"line":2,"column":17},"end":{"line":2,"column":19}},"1":{"start":{"line":3,"column":4},"end":{"line":9,"column":5}},"2":{"start":{"line":3,"column":17},"end":{"line":3,"column":18}},"3":{"start":{"line":4,"column":8},"end":{"line":8,"column":9}},"4":{"start":{"line":4,"column":21},"end":{"line":4,"column":22}},"5":{"start":{"line":5,"column":12},"end":{"line":7,"column":13}},"6":{"start":{"line":6,"column":16},"end":{"line":6,"column":44}},"7":{"start":{"line":10,"column":4},"end":{"line":10,"column":17}},"8":{"start":{"line":13,"column":0},"end":{"line":13,"column":28}}},"fnMap":{"0":{"name":"uniteUnique","decl":{"start":{"line":1,"column":9},"end":{"line":1,"column":20}},"loc":{"start":{"line":1,"column":26},"end":{"line":11,"column":1}},"line":1}},"branchMap":{"0":{"loc":{"start":{"line":5,"column":12},"end":{"line":7,"column":13}},"type":"if","locations":[{"start":{"line":5,"column":12},"end":{"line":7,"column":13}},{"start":{"line":5,"column":12},"end":{"line":7,"column":13}}],"line":5}},"s":{"0":3,"1":3,"2":3,"3":9,"4":9,"5":27,"6":17,"7":3,"8":1},"f":{"0":3},"b":{"0":[17,10]},"_coverageSchema":"1a1c01bbd47fc00a2c39e90264f33305004495a9","hash":"7e326a7a0ce29d1c0d1bc2119ab3c3a0244302ef"}
}
