TN:
SF:Javascript/destroyer.js
FN:1,destroyer
FN:3,(anonymous_1)
FNF:2
FNH:2
FNDA:4,destroyer
FNDA:22,(anonymous_1)
DA:2,4
DA:3,22
DA:6,1
DA:8,1
LF:4
LH:4
BRF:0
BRH:0
end_of_record
TN:
SF:Javascript/hello.js
FN:1,sayHello
FNF:1
FNH:1
FNDA:2,sayHello
DA:2,2
DA:4,1
LF:2
LH:2
BRF:0
BRH:0
end_of_record
TN:
SF:Javascript/max_number_without_mathmax.js
FN:1,mathMax
FN:2,(anonymous_1)
FNF:2
FNH:2
FNDA:1,mathMax
FNDA:42,(anonymous_1)
DA:2,42
DA:3,1
DA:8,1
LF:3
LH:3
BRF:0
BRH:0
end_of_record
TN:
SF:Javascript/palindrome_checker.js
FN:1,palindromeCheck
FNF:1
FNH:1
FNDA:3,palindromeCheck
DA:2,3
DA:3,3
DA:4,3
DA:8,1
LF:4
LH:4
BRDA:3,0,0,2
BRDA:3,0,1,1
BRF:2
BRH:2
end_of_record
TN:
SF:Javascript/sorted_union.js
FN:1,uniteUnique
FNF:1
FNH:1
FNDA:3,uniteUnique
DA:2,3
DA:3,3
DA:4,9
DA:5,27
DA:6,17
DA:10,3
DA:13,1
LF:7
LH:7
BRDA:5,0,0,17
BRDA:5,0,1,10
BRF:2
BRH:2
end_of_record
